<?xml version="1.0" encoding="utf-8"?><testsuites name="pytest tests"><testsuite name="pytest" errors="0" failures="0" skipped="0" tests="16" time="5.423" timestamp="2026-06-13T00:11:44.865260+00:00" hostname="agent-env-1a284475-5fb9-47d5-a7e2-418b0b006b31"><testcase classname="backend.tests.test_auth_lifecycle.TestLoginBasics" name="test_login_valid" time="0.429" /><testcase classname="backend.tests.test_auth_lifecycle.TestLoginBasics" name="test_login_wrong_password_is_401_not_500" time="0.278" /><testcase classname="backend.tests.test_auth_lifecycle.TestLoginBasics" name="test_login_unknown_email_is_401" time="0.046" /><testcase classname="backend.tests.test_auth_lifecycle.TestLoginBasics" name="test_me_with_valid_token" time="0.323" /><testcase classname="backend.tests.test_auth_lifecycle.TestSignupAndUnverifiedLogin" name="test_signup_does_not_5xx" time="0.540" /><testcase classname="backend.tests.test_auth_lifecycle.TestSignupAndUnverifiedLogin" name="test_login_unverified_returns_403_promptly" time="0.274" /><testcase classname="backend.tests.test_auth_lifecycle.TestSignupAndUnverifiedLogin" name="test_resend_verification_returns_200_promptly" time="0.049" /><testcase classname="backend.tests.test_auth_lifecycle.TestSignupAndUnverifiedLogin" name="test_resend_for_nonexistent_email_is_200" time="0.052" /><testcase classname="backend.tests.test_auth_lifecycle.TestVerifyEmail" name="test_verify_email_wrong_code_400_and_increments_attempts" time="0.461" /><testcase classname="backend.tests.test_auth_lifecycle.TestVerifyEmail" name="test_verify_email_success_via_seeded_code" time="0.398" /><testcase classname="backend.tests.test_auth_lifecycle.TestForgotPassword" name="test_forgot_existing_email_returns_200_quickly" time="0.187" /><testcase classname="backend.tests.test_auth_lifecycle.TestForgotPassword" name="test_forgot_nonexistent_email_returns_200_quickly" time="0.047" /><testcase classname="backend.tests.test_auth_lifecycle.TestResetPassword" name="test_reset_with_invalid_token_returns_400" time="0.049" /><testcase classname="backend.tests.test_auth_lifecycle.TestResetPassword" name="test_reset_with_expired_token_returns_400" time="0.516" /><testcase classname="backend.tests.test_auth_lifecycle.TestResetPassword" name="test_reset_with_valid_seeded_token_updates_password" time="0.857" /><testcase classname="backend.tests.test_auth_lifecycle" name="test_no_5xx_smoke" time="0.757" /></testsuite></testsuites>