<?xml version="1.0" encoding="utf-8"?><testsuites name="pytest tests"><testsuite name="pytest" errors="0" failures="0" skipped="0" tests="8" time="1.002" timestamp="2026-06-12T23:08:47.955026+00:00" hostname="agent-env-1a284475-5fb9-47d5-a7e2-418b0b006b31"><testcase classname="backend.tests.test_following_feed.TestAuth" name="test_login_returns_token" time="0.436" /><testcase classname="backend.tests.test_following_feed.TestAuth" name="test_me_returns_user" time="0.047" /><testcase classname="backend.tests.test_following_feed.TestDiscoverFeed" name="test_videos_list_ok" time="0.046" /><testcase classname="backend.tests.test_following_feed.TestDiscoverFeed" name="test_video_card_shape" time="0.046" /><testcase classname="backend.tests.test_following_feed.TestFollowingFeed" name="test_requires_auth" time="0.044" /><testcase classname="backend.tests.test_following_feed.TestFollowingFeed" name="test_apple_follows_nobody_returns_empty" time="0.045" /><testcase classname="backend.tests.test_following_feed.TestFollowingFeed" name="test_respects_limit_param" time="0.045" /><testcase classname="backend.tests.test_following_feed.TestAvatarEndpoint" name="test_avatar_returns_image_or_404" time="0.115" /></testsuite></testsuites>