<?xml version="1.0" encoding="utf-8"?><testsuites name="pytest tests"><testsuite name="pytest" errors="0" failures="1" skipped="0" tests="21" time="44.254" timestamp="2026-06-06T13:08:07.772557+00:00" hostname="agent-env-30550b72-2caa-441f-b592-8dcf903ecd3c"><testcase classname="backend.tests.test_moderation" name="test_report_video_creates_notification_with_deep_link" time="2.008" /><testcase classname="backend.tests.test_moderation" name="test_report_user_creates_notification_with_deep_link" time="0.223" /><testcase classname="backend.tests.test_moderation" name="test_report_self_rejected" time="0.109" /><testcase classname="backend.tests.test_moderation" name="test_require_founder_blocks_non_founder" time="0.102" /><testcase classname="backend.tests.test_moderation" name="test_admin_summary_returns_open_count" time="0.105" /><testcase classname="backend.tests.test_moderation" name="test_list_open_reports_enriched" time="0.107"><failure message="AssertionError: assert None == '126496eb-2b40-4dd3-aacd-4c9342bd58b4'">E   AssertionError: assert None == '126496eb-2b40-4dd3-aacd-4c9342bd58b4'</failure></testcase><testcase classname="backend.tests.test_moderation" name="test_dismiss_report" time="0.417" /><testcase classname="backend.tests.test_moderation" name="test_warn_target_increments_warnings_and_sends_policy_text" time="0.450" /><testcase classname="backend.tests.test_moderation" name="test_suspend_7d_bans_target_and_403s_protected_endpoints" time="0.557" /><testcase classname="backend.tests.test_moderation" name="test_unban_clears_ban_state" time="0.217" /><testcase classname="backend.tests.test_moderation" name="test_suspend_30d_and_auto_expiry_on_get_current_user" time="0.560" /><testcase classname="backend.tests.test_moderation" name="test_permanent_ban" time="0.463" /><testcase classname="backend.tests.test_moderation" name="test_banned_accounts_lists_currently_banned" time="0.099" /><testcase classname="backend.tests.test_moderation" name="test_banned_accounts_requires_founder" time="0.129" /><testcase classname="backend.tests.test_moderation" name="test_user_profile_hides_moderation_fields_from_non_founder" time="0.549" /><testcase classname="backend.tests.test_moderation" name="test_user_profile_exposes_moderation_fields_to_founder" time="0.109" /><testcase classname="backend.tests.test_moderation" name="test_unban_round_two" time="0.130" /><testcase classname="backend.tests.test_moderation" name="test_delete_content_removes_video_and_resolves_report" time="36.540" /><testcase classname="backend.tests.test_moderation" name="test_delete_content_user_report_is_noop_but_resolves" time="0.321" /><testcase classname="backend.tests.test_moderation" name="test_cannot_warn_founder" time="0.558" /><testcase classname="backend.tests.test_moderation" name="test_admin_endpoints_require_founder_403" time="0.328" /></testsuite></testsuites>