<?xml version="1.0" encoding="utf-8"?><testsuites name="pytest tests"><testsuite name="pytest" errors="0" failures="0" skipped="0" tests="21" time="10.112" timestamp="2026-06-09T18:48:37.160198+00:00" hostname="agent-env-1a284475-5fb9-47d5-a7e2-418b0b006b31"><testcase classname="tests.test_moderation" name="test_report_video_creates_notification_with_deep_link" time="2.789" /><testcase classname="tests.test_moderation" name="test_report_user_creates_notification_with_deep_link" time="0.331" /><testcase classname="tests.test_moderation" name="test_report_self_rejected" time="0.221" /><testcase classname="tests.test_moderation" name="test_require_founder_blocks_non_founder" time="0.130" /><testcase classname="tests.test_moderation" name="test_admin_summary_returns_open_count" time="0.216" /><testcase classname="tests.test_moderation" name="test_list_open_reports_enriched" time="0.117" /><testcase classname="tests.test_moderation" name="test_dismiss_report" time="0.578" /><testcase classname="tests.test_moderation" name="test_warn_target_increments_warnings_and_sends_policy_text" time="0.504" /><testcase classname="tests.test_moderation" name="test_suspend_7d_bans_target_and_403s_protected_endpoints" time="0.635" /><testcase classname="tests.test_moderation" name="test_unban_clears_ban_state" time="0.317" /><testcase classname="tests.test_moderation" name="test_suspend_30d_and_auto_expiry_on_get_current_user" time="0.601" /><testcase classname="tests.test_moderation" name="test_permanent_ban" time="0.462" /><testcase classname="tests.test_moderation" name="test_banned_accounts_lists_currently_banned" time="0.119" /><testcase classname="tests.test_moderation" name="test_banned_accounts_requires_founder" time="0.109" /><testcase classname="tests.test_moderation" name="test_user_profile_hides_moderation_fields_from_non_founder" time="0.583" /><testcase classname="tests.test_moderation" name="test_user_profile_exposes_moderation_fields_to_founder" time="0.125" /><testcase classname="tests.test_moderation" name="test_unban_round_two" time="0.134" /><testcase classname="tests.test_moderation" name="test_delete_content_removes_video_and_resolves_report" time="0.410" /><testcase classname="tests.test_moderation" name="test_delete_content_user_report_is_noop_but_resolves" time="0.414" /><testcase classname="tests.test_moderation" name="test_cannot_warn_founder" time="0.653" /><testcase classname="tests.test_moderation" name="test_admin_endpoints_require_founder_403" time="0.402" /></testsuite></testsuites>