<?xml version="1.0" encoding="utf-8"?><testsuites name="pytest tests"><testsuite name="pytest" errors="0" failures="0" skipped="0" tests="29" time="2.453" timestamp="2026-06-13T16:05:55.647300+00:00" hostname="agent-env-1a284475-5fb9-47d5-a7e2-418b0b006b31"><testcase classname="backend.tests.test_preview_and_profile" name="test_guest_preview_url_returns_stream_and_seconds" time="0.144" /><testcase classname="backend.tests.test_preview_and_profile" name="test_public_user_includes_following_count" time="0.148" /><testcase classname="backend.tests.test_preview_and_profile" name="test_subscriber_full_stream_still_works" time="0.467" /><testcase classname="backend.tests.test_guest_access.TestGuestReadEndpoints" name="test_guest_videos_feed" time="0.093" /><testcase classname="backend.tests.test_guest_access.TestGuestReadEndpoints" name="test_guest_get_user_public" time="0.052" /><testcase classname="backend.tests.test_guest_access.TestGuestReadEndpoints" name="test_guest_get_user_videos" time="0.046" /><testcase classname="backend.tests.test_guest_access.TestGuestReadEndpoints" name="test_guest_search_users" time="0.047" /><testcase classname="backend.tests.test_guest_access.TestGuestReadEndpoints" name="test_guest_get_video_detail" time="0.048" /><testcase classname="backend.tests.test_guest_access.TestGuestGatedEndpoints" name="test_guest_stream_url_blocked" time="0.045" /><testcase classname="backend.tests.test_guest_access.TestGuestGatedEndpoints" name="test_guest_comments_get_blocked" time="0.045" /><testcase classname="backend.tests.test_guest_access.TestGuestGatedEndpoints" name="test_guest_like_blocked" time="0.046" /><testcase classname="backend.tests.test_guest_access.TestGuestGatedEndpoints" name="test_guest_comment_create_blocked" time="0.050" /><testcase classname="backend.tests.test_guest_access.TestGuestGatedEndpoints" name="test_guest_follow_blocked" time="0.044" /><testcase classname="backend.tests.test_guest_access.TestGuestGatedEndpoints" name="test_guest_upload_url_blocked" time="0.047" /><testcase classname="backend.tests.test_guest_access.TestLoggedInRegression" name="test_login_returns_token" time="0.330" /><testcase classname="backend.tests.test_guest_access.TestLoggedInRegression" name="test_auth_me" time="0.102" /><testcase classname="backend.tests.test_guest_access.TestLoggedInRegression" name="test_videos_feed_authed" time="0.045" /><testcase classname="backend.tests.test_guest_access.TestLoggedInRegression" name="test_get_video_detail_authed" time="0.069" /><testcase classname="backend.tests.test_guest_access.TestLoggedInRegression" name="test_stream_url_authed_subscriber" time="0.047" /><testcase classname="backend.tests.test_guest_access.TestLoggedInRegression" name="test_comments_get_authed" time="0.047" /><testcase classname="backend.tests.test_guest_access.TestLoggedInRegression" name="test_get_user_public_authed" time="0.049" /><testcase classname="backend.tests.test_guest_access.TestLoggedInRegression" name="test_get_user_videos_authed" time="0.049" /><testcase classname="backend.tests.test_guest_access.TestNo5xx" name="test_no_5xx_guest[/videos]" time="0.045" /><testcase classname="backend.tests.test_guest_access.TestNo5xx" name="test_no_5xx_guest[/users/f4a60da3-4a82-4da7-924c-6c02cbf10887]" time="0.042" /><testcase classname="backend.tests.test_guest_access.TestNo5xx" name="test_no_5xx_guest[/users/f4a60da3-4a82-4da7-924c-6c02cbf10887/videos]" time="0.044" /><testcase classname="backend.tests.test_guest_access.TestNo5xx" name="test_no_5xx_guest[/users/search?q=ni]" time="0.048" /><testcase classname="backend.tests.test_guest_access.TestNo5xx" name="test_no_5xx_guest[/videos/24516610-e939-4374-97f7-93862c5848f7]" time="0.045" /><testcase classname="backend.tests.test_guest_access.TestNo5xx" name="test_no_5xx_guest[/videos/24516610-e939-4374-97f7-93862c5848f7/stream-url]" time="0.046" /><testcase classname="backend.tests.test_guest_access.TestNo5xx" name="test_no_5xx_guest[/videos/24516610-e939-4374-97f7-93862c5848f7/comments]" time="0.047" /></testsuite></testsuites>