<?xml version="1.0" encoding="utf-8"?><testsuites name="pytest tests"><testsuite name="pytest" errors="0" failures="0" skipped="0" tests="10" time="2.344" timestamp="2026-06-17T17:58:41.255276+00:00" hostname="agent-env-1a284475-5fb9-47d5-a7e2-418b0b006b31"><testcase classname="backend.tests.test_push_notifications.TestAuthMePushField" name="test_me_includes_push_enabled" time="0.603" /><testcase classname="backend.tests.test_push_notifications.TestPushPreference" name="test_requires_auth" time="0.115" /><testcase classname="backend.tests.test_push_notifications.TestPushPreference" name="test_toggle_off_then_on_persists" time="0.243" /><testcase classname="backend.tests.test_push_notifications.TestPushPreference" name="test_validation_rejects_missing_body" time="0.063" /><testcase classname="backend.tests.test_push_notifications.TestRegisterPush" name="test_requires_auth" time="0.113" /><testcase classname="backend.tests.test_push_notifications.TestRegisterPush" name="test_placeholder_key_does_not_succeed_but_server_healthy" time="0.172" /><testcase classname="backend.tests.test_push_notifications.TestPushHooksDoNotBreakEndpoints" name="test_follow_endpoint_succeeds_with_push_hook" time="0.574" /><testcase classname="backend.tests.test_push_notifications.TestPushHooksDoNotBreakEndpoints" name="test_like_endpoint_succeeds_with_push_hook" time="0.140" /><testcase classname="backend.tests.test_push_notifications.TestPushHooksDoNotBreakEndpoints" name="test_comment_endpoint_succeeds_with_push_hook" time="0.171" /><testcase classname="backend.tests.test_push_notifications.TestPushHooksDoNotBreakEndpoints" name="test_server_healthy_after_push_hook_exercises" time="0.067" /></testsuite></testsuites>